<?xml version="1.0" encoding="UTF-8"?>
<!-- Generated by org.testng.reporters.JUnitReportReporter -->
<testsuite name="org.info.Address" tests="2" time="7.801" ignored="0" failures="0" timestamp="25 May 2023 09:11:28 GMT" skipped="0" hostname="RAJA-PC" errors="0">
  <testcase name="addUserAddress" time="1.663" classname="org.info.Address"/>
  <testcase name="LoginPoj" time="6.138" classname="org.info.Address"/>
</testsuite> <!-- org.info.Address -->
