<?xml version="1.0" encoding="UTF-8"?>
<!-- Generated by org.testng.reporters.JUnitReportReporter -->
<testsuite name="org.add.State" tests="5" time="11.185" ignored="0" failures="0" timestamp="26 May 2023 09:37:11 GMT" skipped="0" hostname="RAJA-PC" errors="0">
  <testcase name="addUpdate" time="1.195" classname="org.add.State"/>
  <testcase name="addUserAddress" time="1.341" classname="org.add.State"/>
  <testcase name="addState" time="1.298" classname="org.add.State"/>
  <testcase name="addCity" time="1.418" classname="org.add.State"/>
  <testcase name="LoginPoj" time="5.933" classname="org.add.State"/>
</testsuite> <!-- org.add.State -->
