<?xml version="1.0" encoding="UTF-8"?>
<!-- Generated by org.testng.reporters.JUnitReportReporter -->
<testsuite name="org.info.Sample" tests="6" time="25.237" ignored="0" failures="0" timestamp="23 May 2023 10:57:09 GMT" skipped="0" hostname="RAJA-PC" errors="0">
  <testcase name="deleteFlight" time="1.273" classname="org.info.Sample"/>
  <testcase name="getFlight" time="16.957" classname="org.info.Sample"/>
  <testcase name="get1Flight" time="1.951" classname="org.info.Sample"/>
  <testcase name="postFlight" time="1.472" classname="org.info.Sample"/>
  <testcase name="putFlight" time="1.737" classname="org.info.Sample"/>
  <testcase name="patchFlight" time="1.847" classname="org.info.Sample"/>
</testsuite> <!-- org.info.Sample -->
