<?xml version="1.0" encoding="UTF-8"?>
<!-- Generated by org.testng.reporters.JUnitReportReporter -->
<testsuite name="org.info.Updated" tests="3" time="11.515" ignored="0" failures="0" timestamp="25 May 2023 10:20:47 GMT" skipped="0" hostname="RAJA-PC" errors="0">
  <testcase name="addUpdate" time="1.403" classname="org.info.Updated"/>
  <testcase name="addUserAddress" time="1.621" classname="org.info.Updated"/>
  <testcase name="LoginPoj" time="8.491" classname="org.info.Updated"/>
</testsuite> <!-- org.info.Updated -->
