<?xml version="1.0" encoding="UTF-8"?>
<!-- Generated by org.testng.reporters.JUnitReportReporter -->
<testsuite name="org.info.PostManauth" tests="1" time="22.282" ignored="0" failures="0" timestamp="24 May 2023 05:17:32 GMT" skipped="0" hostname="RAJA-PC" errors="0">
  <testcase name="sample" time="22.282" classname="org.info.PostManauth"/>
</testsuite> <!-- org.info.PostManauth -->
