<?xml version="1.0" encoding="UTF-8"?>
<!-- Generated by org.testng.reporters.JUnitReportReporter -->
<testsuite name="org.add.GetAddres" tests="7" time="53.304" ignored="0" failures="0" timestamp="26 May 2023 11:16:40 GMT" skipped="0" hostname="RAJA-PC" errors="0">
  <testcase name="addUpdate" time="2.706" classname="org.add.GetAddres"/>
  <testcase name="addressGet" time="2.340" classname="org.add.GetAddres"/>
  <testcase name="addUserAddress" time="1.824" classname="org.add.GetAddres"/>
  <testcase name="addState" time="2.119" classname="org.add.GetAddres"/>
  <testcase name="addCity" time="2.929" classname="org.add.GetAddres"/>
  <testcase name="LoginPoj" time="39.507" classname="org.add.GetAddres"/>
  <testcase name="deleteUser" time="1.879" classname="org.add.GetAddres"/>
</testsuite> <!-- org.add.GetAddres -->
