<?xml version="1.0" encoding="UTF-8"?>
<!-- Generated by org.testng.reporters.JUnitReportReporter -->
<testsuite name="org.pojo.Login" tests="1" time="7.339" ignored="0" failures="0" timestamp="24 May 2023 09:26:34 GMT" skipped="0" hostname="RAJA-PC" errors="0">
  <testcase name="LoginPoj" time="7.339" classname="org.pojo.Login"/>
</testsuite> <!-- org.pojo.Login -->
